/lab/harry/anaconda3/envs/pytorch113/lib/python3.7/site-packages/sklearn/mixture/_base.py:282: ConvergenceWarning: Initialization 1 did not converge. Try different init parameters, or increase max_iter, tol or check for degenerate data.
  ConvergenceWarning,
  ||||
  ||||
  ||||
  ||||
  ||||
\      /
 \    /
  \  /
   \/
----------------------------------------------------------------------------------------------------------------------------------------------
Please read:
if you are using decathlon: Please make sure you are using full_dataset=True unless you know exactly the reason and logic of this argument!!!
----------------------------------------------------------------------------------------------------------------------------------------------
   /\
  /  \
 /    \
/      \
  ||||
  ||||
  ||||
  ||||
  ||||
  ||||
  ||||
  ||||
  ||||
  ||||
\      /
 \    /
  \  /
   \/
----------------------------------------------------------------------------------------------------------------------------------------------
Please read:
if you are using decathlon: Please make sure you are using full_dataset=True unless you know exactly the reason and logic of this argument!!!
----------------------------------------------------------------------------------------------------------------------------------------------
   /\
  /  \
 /    \
/      \
  ||||
  ||||
  ||||
  ||||
  ||||
  ||||
  ||||
  ||||
  ||||
  ||||
\      /
 \    /
  \  /
   \/
----------------------------------------------------------------------------------------------------------------------------------------------
Please read:
if you are using decathlon: Please make sure you are using full_dataset=True unless you know exactly the reason and logic of this argument!!!
----------------------------------------------------------------------------------------------------------------------------------------------
   /\
  /  \
 /    \
/      \
  ||||
  ||||
  ||||
  ||||
  ||||
please note most of the part will be deprecated and only .num_classes, .dataset_name, and loader will work
